2021-12-27 21:38:20,751 - event - The event is a in date : a and in time : a
2021-12-27 21:39:47,573 - event - The event is q in date : q and in time : q
2021-12-27 21:39:56,121 - event - The event is w in date : w and in time : w
2021-12-27 21:39:56,121 - event - The event is w in date : w and in time : w
2021-12-27 21:40:03,790 - event - The event is r in date : r and in time : r
2021-12-27 21:40:03,790 - event - The event is r in date : r and in time : r
2021-12-27 21:40:03,790 - event - The event is r in date : r and in time : r
2021-12-27 21:43:34,659 - event - The event is s in date : s and in time : s
2021-12-27 21:43:45,651 - event - The event is q in date : q and in time : q
2021-12-27 21:43:45,651 - event - The event is q in date : q and in time : q
2021-12-27 21:43:55,759 - event - The event is r in date : r and in time : r
2021-12-27 21:43:55,759 - event - The event is r in date : r and in time : r
2021-12-27 21:43:55,759 - event - The event is r in date : r and in time : r
2021-12-27 21:46:41,006 - event - The event is a in date : a and in time : a
2021-12-27 21:52:34,942 - event - The event is s in date : s and in time : s
2021-12-27 21:54:24,130 - event - The event is a in date : a and in time : a
2021-12-27 21:54:38,264 - event - The event is s in date : s and in time : s
2021-12-27 21:54:38,264 - event - The event is s in date : s and in time : s
2021-12-27 21:57:07,411 - event - The event is w in date : w and in time : w
2021-12-27 22:04:20,678 - event - The event is a in date : a and in time : s
2021-12-27 22:12:14,556 - event - The event is w in date : w and in time : w
